<?xml version="1.0" encoding="UTF-8"?>
<testng-results skipped="0" failed="0" ignored="0" total="1" passed="1">
  <reporter-output>
  </reporter-output>
  <suite name="Default suite" duration-ms="11702" started-at="2019-08-16T08:21:02Z" finished-at="2019-08-16T08:21:14Z">
    <groups>
    </groups>
    <test name="Default test" duration-ms="11702" started-at="2019-08-16T08:21:02Z" finished-at="2019-08-16T08:21:14Z">
      <class name="sc15">
        <test-method status="PASS" signature="M1()[pri:0, instance:sc15@100fc185]" name="M1" duration-ms="11672" started-at="2019-08-16T08:21:02Z" finished-at="2019-08-16T08:21:14Z">
          <reporter-output>
          </reporter-output>
        </test-method> <!-- M1 -->
      </class> <!-- sc15 -->
    </test> <!-- Default test -->
  </suite> <!-- Default suite -->
</testng-results>
